<?xml version="1.0" encoding="UTF-8"?>
<testng-results ignored="0" total="8" passed="7" failed="1" skipped="0">
  <reporter-output>
  </reporter-output>
  <suite started-at="2024-06-14T09:58:53 ICT" name="Surefire suite" finished-at="2024-06-14T09:58:53 ICT" duration-ms="42">
    <groups>
    </groups>
    <test started-at="2024-06-14T09:58:53 ICT" name="Surefire test" finished-at="2024-06-14T09:58:53 ICT" duration-ms="42">
      <class name="BankAccountTest">
        <test-method is-config="true" signature="setUp()[pri:0, instance:BankAccountTest@b9afc07]" started-at="2024-06-14T09:58:53 ICT" name="setUp" finished-at="2024-06-14T09:58:53 ICT" duration-ms="5" status="PASS">
          <reporter-output>
          </reporter-output>
        </test-method> <!-- setUp -->
        <test-method signature="testAddInterest()[pri:0, instance:BankAccountTest@b9afc07]" started-at="2024-06-14T09:58:53 ICT" name="testAddInterest" finished-at="2024-06-14T09:58:53 ICT" duration-ms="2" status="PASS">
          <reporter-output>
          </reporter-output>
        </test-method> <!-- testAddInterest -->
        <test-method is-config="true" signature="setUp()[pri:0, instance:BankAccountTest@b9afc07]" started-at="2024-06-14T09:58:53 ICT" name="setUp" finished-at="2024-06-14T09:58:53 ICT" duration-ms="0" status="PASS">
          <reporter-output>
          </reporter-output>
        </test-method> <!-- setUp -->
        <test-method signature="testDeposit()[pri:0, instance:BankAccountTest@b9afc07]" started-at="2024-06-14T09:58:53 ICT" name="testDeposit" finished-at="2024-06-14T09:58:53 ICT" duration-ms="0" status="PASS">
          <reporter-output>
          </reporter-output>
        </test-method> <!-- testDeposit -->
        <test-method is-config="true" signature="setUp()[pri:0, instance:BankAccountTest@b9afc07]" started-at="2024-06-14T09:58:53 ICT" name="setUp" finished-at="2024-06-14T09:58:53 ICT" duration-ms="0" status="PASS">
          <reporter-output>
          </reporter-output>
        </test-method> <!-- setUp -->
        <test-method signature="testInitialBalance()[pri:0, instance:BankAccountTest@b9afc07]" started-at="2024-06-14T09:58:53 ICT" name="testInitialBalance" finished-at="2024-06-14T09:58:53 ICT" duration-ms="0" status="PASS">
          <reporter-output>
          </reporter-output>
        </test-method> <!-- testInitialBalance -->
        <test-method is-config="true" signature="setUp()[pri:0, instance:BankAccountTest@b9afc07]" started-at="2024-06-14T09:58:53 ICT" name="setUp" finished-at="2024-06-14T09:58:53 ICT" duration-ms="0" status="PASS">
          <reporter-output>
          </reporter-output>
        </test-method> <!-- setUp -->
        <test-method signature="testOverdraft()[pri:0, instance:BankAccountTest@b9afc07]" started-at="2024-06-14T09:58:53 ICT" name="testOverdraft" finished-at="2024-06-14T09:58:53 ICT" duration-ms="1" status="PASS">
          <reporter-output>
          </reporter-output>
        </test-method> <!-- testOverdraft -->
        <test-method is-config="true" signature="setUp()[pri:0, instance:BankAccountTest@b9afc07]" started-at="2024-06-14T09:58:53 ICT" name="setUp" finished-at="2024-06-14T09:58:53 ICT" duration-ms="1" status="PASS">
          <reporter-output>
          </reporter-output>
        </test-method> <!-- setUp -->
        <test-method signature="testTransactionHistory()[pri:0, instance:BankAccountTest@b9afc07]" started-at="2024-06-14T09:58:53 ICT" name="testTransactionHistory" finished-at="2024-06-14T09:58:53 ICT" duration-ms="0" status="PASS">
          <reporter-output>
          </reporter-output>
        </test-method> <!-- testTransactionHistory -->
        <test-method is-config="true" signature="setUp()[pri:0, instance:BankAccountTest@b9afc07]" started-at="2024-06-14T09:58:53 ICT" name="setUp" finished-at="2024-06-14T09:58:53 ICT" duration-ms="0" status="PASS">
          <reporter-output>
          </reporter-output>
        </test-method> <!-- setUp -->
        <test-method is-config="true" signature="setUp()[pri:0, instance:BankAccountTest@b9afc07]" started-at="2024-06-14T09:58:53 ICT" name="setUp" finished-at="2024-06-14T09:58:53 ICT" duration-ms="0" status="PASS">
          <reporter-output>
          </reporter-output>
        </test-method> <!-- setUp -->
        <test-method signature="testWithdraw()[pri:0, instance:BankAccountTest@b9afc07]" started-at="2024-06-14T09:58:53 ICT" name="testWithdraw" finished-at="2024-06-14T09:58:53 ICT" duration-ms="0" status="PASS">
          <reporter-output>
          </reporter-output>
        </test-method> <!-- testWithdraw -->
        <test-method signature="testWithdrawExceedingOverdraft()[pri:0, instance:BankAccountTest@b9afc07]" started-at="2024-06-14T09:58:53 ICT" name="testWithdrawExceedingOverdraft" finished-at="2024-06-14T09:58:53 ICT" duration-ms="0" status="PASS">
          <reporter-output>
          </reporter-output>
        </test-method> <!-- testWithdrawExceedingOverdraft -->
        <test-method is-config="true" signature="setUp()[pri:0, instance:BankAccountTest@b9afc07]" started-at="2024-06-14T09:58:53 ICT" name="setUp" finished-at="2024-06-14T09:58:53 ICT" duration-ms="0" status="PASS">
          <reporter-output>
          </reporter-output>
        </test-method> <!-- setUp -->
        <test-method signature="testWithdrawMoreThanBalance()[pri:0, instance:BankAccountTest@b9afc07]" started-at="2024-06-14T09:58:53 ICT" name="testWithdrawMoreThanBalance" finished-at="2024-06-14T09:58:53 ICT" duration-ms="0" status="FAIL">
          <exception class="java.lang.AssertionError">
            <message>
              <![CDATA[Withdrawal should fail when exceeding overdraft limit expected [false] but found [true]]]>
            </message>
            <full-stacktrace>
              <![CDATA[java.lang.AssertionError: Withdrawal should fail when exceeding overdraft limit expected [false] but found [true]
at org.testng.Assert.fail(Assert.java:99)
at org.testng.Assert.failNotEquals(Assert.java:1037)
at org.testng.Assert.assertFalse(Assert.java:67)
at BankAccountTest.testWithdrawMoreThanBalance(BankAccountTest.java:38)
at java.base/jdk.internal.reflect.DirectMethodHandleAccessor.invoke(DirectMethodHandleAccessor.java:103)
at java.base/java.lang.reflect.Method.invoke(Method.java:580)
at org.testng.internal.MethodInvocationHelper.invokeMethod(MethodInvocationHelper.java:133)
at org.testng.internal.TestInvoker.invokeMethod(TestInvoker.java:598)
at org.testng.internal.TestInvoker.invokeTestMethod(TestInvoker.java:173)
at org.testng.internal.MethodRunner.runInSequence(MethodRunner.java:46)
at org.testng.internal.TestInvoker$MethodInvocationAgent.invoke(TestInvoker.java:824)
at org.testng.internal.TestInvoker.invokeTestMethods(TestInvoker.java:146)
at org.testng.internal.TestMethodWorker.invokeTestMethods(TestMethodWorker.java:146)
at org.testng.internal.TestMethodWorker.run(TestMethodWorker.java:128)
at java.base/java.util.ArrayList.forEach(ArrayList.java:1596)
at org.testng.TestRunner.privateRun(TestRunner.java:794)
at org.testng.TestRunner.run(TestRunner.java:596)
at org.testng.SuiteRunner.runTest(SuiteRunner.java:377)
at org.testng.SuiteRunner.runSequentially(SuiteRunner.java:371)
at org.testng.SuiteRunner.privateRun(SuiteRunner.java:332)
at org.testng.SuiteRunner.run(SuiteRunner.java:276)
at org.testng.SuiteRunnerWorker.runSuite(SuiteRunnerWorker.java:53)
at org.testng.SuiteRunnerWorker.run(SuiteRunnerWorker.java:96)
at org.testng.TestNG.runSuitesSequentially(TestNG.java:1212)
at org.testng.TestNG.runSuitesLocally(TestNG.java:1134)
at org.testng.TestNG.runSuites(TestNG.java:1063)
at org.testng.TestNG.run(TestNG.java:1031)
at org.apache.maven.surefire.testng.TestNGExecutor.run(TestNGExecutor.java:135)
at org.apache.maven.surefire.testng.TestNGDirectoryTestSuite.executeSingleClass(TestNGDirectoryTestSuite.java:112)
at org.apache.maven.surefire.testng.TestNGDirectoryTestSuite.execute(TestNGDirectoryTestSuite.java:99)
at org.apache.maven.surefire.testng.TestNGProvider.invoke(TestNGProvider.java:146)
at org.apache.maven.surefire.booter.ForkedBooter.invokeProviderInSameClassLoader(ForkedBooter.java:384)
at org.apache.maven.surefire.booter.ForkedBooter.runSuitesInProcess(ForkedBooter.java:345)
at org.apache.maven.surefire.booter.ForkedBooter.execute(ForkedBooter.java:126)
at org.apache.maven.surefire.booter.ForkedBooter.main(ForkedBooter.java:418)
]]>
            </full-stacktrace>
          </exception> <!-- java.lang.AssertionError -->
          <reporter-output>
          </reporter-output>
        </test-method> <!-- testWithdrawMoreThanBalance -->
      </class> <!-- BankAccountTest -->
    </test> <!-- Surefire test -->
  </suite> <!-- Surefire suite -->
</testng-results>
